<?xml version="1.0" encoding="UTF-8"?>
<!-- Generated by org.testng.reporters.JUnitReportReporter -->
<testsuite hostname="Ditcher" failures="0" tests="10" name="com.automation.WebAutomation.WebAutomationUsingSelenium" time="94.419" errors="0" timestamp="2022-05-04T05:47:29 ACST" skipped="0">
  <testcase classname="com.automation.WebAutomation.WebAutomationUsingSelenium" name="userIsAbleToAddItemInCartAndTotalItemNumberShouldDisplayOnCart" time="3.969"/>
  <system-out/>
  <testcase classname="com.automation.WebAutomation.WebAutomationUsingSelenium" name="UserisAbleToSeeCheckOutButtonWhenItemIsInCartAndClickOnCartLink" time="9.849"/>
  <system-out/>
  <testcase classname="com.automation.WebAutomation.WebAutomationUsingSelenium" name="userIsAbleToNavigateShoppingPage" time="3.900"/>
  <system-out/>
  <testcase classname="com.automation.WebAutomation.WebAutomationUsingSelenium" name="userIsAbelToSubmitContactInformation" time="17.559"/>
  <system-out/>
  <testcase classname="com.automation.WebAutomation.WebAutomationUsingSelenium" name="userIsAbletoSubmitOrder" time="24.542"/>
  <system-out/>
  <testcase classname="com.automation.WebAutomation.WebAutomationUsingSelenium" name="userIsAbleToEmptyCartByClickingEmptyCartButton" time="11.444"/>
  <system-out/>
  <testcase classname="com.automation.WebAutomation.WebAutomationUsingSelenium" name="userIsAbleToNavigateLoginPage" time="3.670"/>
  <system-out/>
  <testcase classname="com.automation.WebAutomation.WebAutomationUsingSelenium" name="userIsAbleToNavigateCartPage" time="3.540"/>
  <system-out/>
  <testcase classname="com.automation.WebAutomation.WebAutomationUsingSelenium" name="userIsAbletoNavigateCheckOutPageIfItemIsInCart" time="11.917"/>
  <system-out/>
  <testcase classname="com.automation.WebAutomation.WebAutomationUsingSelenium" name="userIsAbleToNavigateContactPage" time="4.029"/>
  <system-out/>
</testsuite> <!-- com.automation.WebAutomation.WebAutomationUsingSelenium -->
